#
# A fatal error has been detected by the Java Runtime Environment:
#
#  SIGSEGV (0xb) at pc=0x00007f0d016a27f1, pid=18200, tid=18216
#
# JRE version: OpenJDK Runtime Environment (11.0.7+10) (build 11.0.7+10-post-Ubuntu-2ubuntu218.04)
# Java VM: OpenJDK 64-Bit Server VM (11.0.7+10-post-Ubuntu-2ubuntu218.04, mixed mode, sharing, tiered, compressed oops, g1 gc, linux-amd64)
# Problematic frame:
# V  [libjvm.so+0x6417f1]
#
# Core dump will be written. Default location: Core dumps may be processed with "/usr/share/apport/apport %p %s %c %d %P %E" (or dumping to /home/vinicius/Ambiente-Trabalho/Projetos/Sts/algoritmos-estrutura-dados/algoritmos-estrutura-dados/core.18200)
#
# If you would like to submit a bug report, please visit:
#   https://bugs.launchpad.net/ubuntu/+source/openjdk-lts
#

---------------  S U M M A R Y ------------

Command Line: -agentlib:jdwp=transport=dt_socket,suspend=y,address=localhost:42007 -ea -javaagent:/home/vinicius/Ambiente-Trabalho/Softwares/sts-4.5.0/configuration/org.eclipse.osgi/237/0/.cp/lib/javaagent-shaded.jar -Dfile.encoding=UTF-8 org.eclipse.jdt.internal.junit.runner.RemoteTestRunner -version 3 -port 45991 -testLoaderClass org.eclipse.jdt.internal.junit4.runner.JUnit4TestLoader -loaderpluginname org.eclipse.jdt.junit4.runtime -test br.com.viniciusfernandes.algoritmos.GrafoListaAdjacenciaTest:testLowCost

Host: Intel(R) Core(TM) i5-8265U CPU @ 1.60GHz, 8 cores, 7G, Ubuntu 18.04.4 LTS
Time: Mon Aug  3 06:55:46 2020 -03 elapsed time: 391 seconds (0d 0h 6m 31s)

---------------  T H R E A D  ---------------

Current thread (0x00007f0cfc183000):  VMThread "VM Thread" [stack: 0x00007f0cd2ff7000,0x00007f0cd30f7000] [id=18216]

Stack: [0x00007f0cd2ff7000,0x00007f0cd30f7000],  sp=0x00007f0cd30f4fa0,  free space=1015k
Native frames: (J=compiled Java code, A=aot compiled Java code, j=interpreted, Vv=VM code, C=native code)
V  [libjvm.so+0x6417f1]
V  [libjvm.so+0x7ba290]
V  [libjvm.so+0x7bbf03]
V  [libjvm.so+0x7bd62c]
V  [libjvm.so+0x7c018d]
V  [libjvm.so+0x7c0539]
V  [libjvm.so+0xbbdb8a]
V  [libjvm.so+0xbbe10b]
V  [libjvm.so+0xb4aae6]
V  [libjvm.so+0x9dfa0c]
V  [libjvm.so+0xdfa8d8]
V  [libjvm.so+0xe00a96]
V  [libjvm.so+0xe00fa0]
V  [libjvm.so+0xe01423]
V  [libjvm.so+0xd85acf]
V  [libjvm.so+0xbd59de]


siginfo: si_signo: 11 (SIGSEGV), si_code: 2 (SEGV_ACCERR), si_addr: 0x00007f0cd378d010

Register to memory mapping:

RAX=0x00007f0cd378d010 is an unknown value
RBX=0x00007f0cd30f5720 points into unknown readable memory: 00 d6 34 02 0d 7f 00 00
RCX=0x000000000000ca14 is an unknown value
RDX=0x0 is NULL
RSP=0x00007f0cd30f4fa0 points into unknown readable memory: 40 54 0f d3 0c 7f 00 00
RBP=0x00007f0cd30f4fa0 points into unknown readable memory: 40 54 0f d3 0c 7f 00 00
RSI=0x0000000000194280 is an unknown value
RDI=0x00007f0cd35c08d0 is pointing into metadata
R8 =0x0000000000000093 is an unknown value
R9 =0x0 is NULL
R10=0x00007f0cfc167c60 points into unknown readable memory: 00 00 00 47 01 00 00 47
R11=0x000000006fffff00 is an unknown value
R12=0x00007f0cd30f4fc0 points into unknown readable memory: 87 00 00 46 00 00 00 00
R13=0x00007f0cd30f4fd0 points into unknown readable memory: 50 9c 34 02 0d 7f 00 00
R14=0x0 is NULL
R15=0x0000000000000093 is an unknown value


Registers:
RAX=0x00007f0cd378d010, RBX=0x00007f0cd30f5720, RCX=0x000000000000ca14, RDX=0x0000000000000000
RSP=0x00007f0cd30f4fa0, RBP=0x00007f0cd30f4fa0, RSI=0x0000000000194280, RDI=0x00007f0cd35c08d0
R8 =0x0000000000000093, R9 =0x0000000000000000, R10=0x00007f0cfc167c60, R11=0x000000006fffff00
R12=0x00007f0cd30f4fc0, R13=0x00007f0cd30f4fd0, R14=0x0000000000000000, R15=0x0000000000000093
RIP=0x00007f0d016a27f1, EFLAGS=0x0000000000010202, CSGSFS=0x002b000000000033, ERR=0x0000000000000004
  TRAPNO=0x000000000000000e

Top of Stack: (sp=0x00007f0cd30f4fa0)
0x00007f0cd30f4fa0:   00007f0cd30f5440 00007f0d0181b290
0x00007f0cd30f4fb0:   0000000000000000 0000000000000001
0x00007f0cd30f4fc0:   0000000046000087 0000000200000000
0x00007f0cd30f4fd0:   00007f0d02349c50 00007f0cfc36d250 

Instructions: (pc=0x00007f0d016a27f1)
0x00007f0d016a26f1:   48 8b 17 48 89 e5 48 8b 52 10 48 85 d2 74 20 89
0x00007f0d016a2701:   f1 48 89 f8 c1 f9 1f 31 ce 48 63 f6 5d 48 c1 e6
0x00007f0d016a2711:   05 48 8d 7c 32 28 48 89 c6 e9 c1 e4 00 00 90 31
0x00007f0d016a2721:   c0 5d c3 66 90 66 2e 0f 1f 84 00 00 00 00 00 55
0x00007f0d016a2731:   84 d2 48 89 e5 75 38 48 8b 47 10 48 85 c0 74 2f
0x00007f0d016a2741:   85 f6 78 5b 48 63 f6 48 c1 e6 05 48 8d 44 30 28
0x00007f0d016a2751:   48 8b 30 0f b7 f6 0f b7 44 f7 42 5d 0f b7 44 c7
0x00007f0d016a2761:   40 48 8b 44 c7 40 c3 0f 1f 84 00 00 00 00 00 48
0x00007f0d016a2771:   8b 47 08 48 63 f6 0f b6 44 30 04 3c 12 74 d7 48
0x00007f0d016a2781:   8b 47 08 0f b6 44 30 04 3c 11 74 ca 48 8b 47 08
0x00007f0d016a2791:   0f b6 44 30 04 eb bf 0f 1f 84 00 00 00 00 00 f7
0x00007f0d016a27a1:   d6 48 63 f6 48 c1 e6 05 48 8d 44 30 28 5d 48 8b
0x00007f0d016a27b1:   00 0f b7 c0 0f b7 44 c7 42 0f b7 44 c7 40 48 8b
0x00007f0d016a27c1:   44 c7 40 c3 90 66 2e 0f 1f 84 00 00 00 00 00 55
0x00007f0d016a27d1:   84 d2 48 89 e5 75 38 48 8b 47 10 48 85 c0 74 2f
0x00007f0d016a27e1:   85 f6 78 5b 48 63 f6 48 c1 e6 05 48 8d 44 30 28
0x00007f0d016a27f1:   48 8b 30 0f b7 f6 0f b7 44 f7 42 5d 0f b7 44 c7
0x00007f0d016a2801:   42 48 8b 44 c7 40 c3 0f 1f 84 00 00 00 00 00 48
0x00007f0d016a2811:   8b 47 08 48 63 f6 0f b6 44 30 04 3c 12 74 d7 48
0x00007f0d016a2821:   8b 47 08 0f b6 44 30 04 3c 11 74 ca 48 8b 47 08
0x00007f0d016a2831:   0f b6 44 30 04 eb bf 0f 1f 84 00 00 00 00 00 f7
0x00007f0d016a2841:   d6 48 63 f6 48 c1 e6 05 48 8d 44 30 28 5d 48 8b
0x00007f0d016a2851:   00 0f b7 c0 0f b7 44 c7 42 0f b7 44 c7 42 48 8b
0x00007f0d016a2861:   44 c7 40 c3 90 66 2e 0f 1f 84 00 00 00 00 00 55
0x00007f0d016a2871:   84 d2 48 89 e5 75 28 48 8b 47 10 48 85 c0 74 1f
0x00007f0d016a2881:   85 f6 78 4b 48 63 f6 48 c1 e6 05 48 8d 44 30 28
0x00007f0d016a2891:   48 8b 30 0f b7 f6 0f b7 44 f7 42 5d c3 66 90 48
0x00007f0d016a28a1:   8b 47 08 48 63 f6 0f b6 44 30 04 3c 12 74 e7 48
0x00007f0d016a28b1:   8b 47 08 0f b6 44 30 04 3c 11 74 da 48 8b 47 08
0x00007f0d016a28c1:   0f b6 44 30 04 0f b7 44 f7 42 eb cf 0f 1f 00 f7
0x00007f0d016a28d1:   d6 48 63 f6 48 c1 e6 05 48 8d 44 30 28 5d 48 8b
0x00007f0d016a28e1:   00 0f b7 c0 0f b7 44 c7 42 c3 90 0f 1f 40 00 55 


Stack slot to memory mapping:
stack at sp + 0 slots: 0x00007f0cd30f5440 points into unknown readable memory: c0 54 0f d3 0c 7f 00 00
stack at sp + 1 slots: 0x00007f0d0181b290: <offset 0x00000000007ba290> in /usr/lib/jvm/java-11-openjdk-amd64/lib/server/libjvm.so at 0x00007f0d01061000
stack at sp + 2 slots: 0x0 is NULL
stack at sp + 3 slots: 0x0000000000000001 is an unknown value
stack at sp + 4 slots: 0x0000000046000087 is an unknown value
stack at sp + 5 slots: 0x0000000200000000 is an unknown value
stack at sp + 6 slots: 0x00007f0d02349c50: <offset 0x00000000012e8c50> in /usr/lib/jvm/java-11-openjdk-amd64/lib/server/libjvm.so at 0x00007f0d01061000
stack at sp + 7 slots: 0x00007f0cfc36d250 points into unknown readable memory: 32 00 0a 00 b9 4b 28 49

VM_Operation (0x00007f0cd1d17950): GetOrSetLocal, mode: safepoint, requested by thread 0x00007f0cfc204000


---------------  P R O C E S S  ---------------

Threads class SMR info:
_java_thread_list=0x00007f0cb00029c0, length=14, elements={
0x00007f0cfc018000, 0x00007f0cfc186000, 0x00007f0cfc188000, 0x00007f0cfc18e800,
0x00007f0cfc190800, 0x00007f0cfc192800, 0x00007f0cfc194800, 0x00007f0cfc1c2800,
0x00007f0cfc204000, 0x00007f0cfc207800, 0x00007f0ca4001800, 0x00007f0cfc2a4000,
0x00007f0cfc2ce800, 0x00007f0cb0001000
}

Java Threads: ( => current thread )
  0x00007f0cfc018000 JavaThread "main" [_thread_blocked, id=18208, stack(0x00007f0d031d8000,0x00007f0d032d9000)]
  0x00007f0cfc186000 JavaThread "Reference Handler" daemon [_thread_blocked, id=18217, stack(0x00007f0cd2ef4000,0x00007f0cd2ff5000)]
  0x00007f0cfc188000 JavaThread "Finalizer" daemon [_thread_blocked, id=18218, stack(0x00007f0cd2df3000,0x00007f0cd2ef4000)]
  0x00007f0cfc18e800 JavaThread "Signal Dispatcher" daemon [_thread_blocked, id=18219, stack(0x00007f0cd2323000,0x00007f0cd2424000)]
  0x00007f0cfc190800 JavaThread "C2 CompilerThread0" daemon [_thread_blocked, id=18220, stack(0x00007f0cd2222000,0x00007f0cd2323000)]
  0x00007f0cfc192800 JavaThread "C1 CompilerThread0" daemon [_thread_blocked, id=18221, stack(0x00007f0cd2121000,0x00007f0cd2222000)]
  0x00007f0cfc194800 JavaThread "Sweeper thread" daemon [_thread_blocked, id=18222, stack(0x00007f0cd2020000,0x00007f0cd2121000)]
  0x00007f0cfc1c2800 JavaThread "Common-Cleaner" daemon [_thread_blocked, id=18223, stack(0x00007f0cd1f1f000,0x00007f0cd2020000)]
  0x00007f0cfc204000 JavaThread "JDWP Transport Listener: dt_socket" daemon [_thread_blocked, id=18225, stack(0x00007f0cd1c18000,0x00007f0cd1d19000)] _threads_hazard_ptr=0x00007f0cb00029c0
  0x00007f0cfc207800 JavaThread "JDWP Event Helper Thread" daemon [_thread_blocked, id=18228, stack(0x00007f0cd1b17000,0x00007f0cd1c18000)]
  0x00007f0ca4001800 JavaThread "JDWP Command Reader" daemon [_thread_in_native, id=18229, stack(0x00007f0cd1a16000,0x00007f0cd1b17000)]
  0x00007f0cfc2a4000 JavaThread "Service Thread" daemon [_thread_blocked, id=18232, stack(0x00007f0cd14ed000,0x00007f0cd15ee000)]
  0x00007f0cfc2ce800 JavaThread "ReaderThread" [_thread_in_native, id=18234, stack(0x00007f0cd10e7000,0x00007f0cd11e8000)]
  0x00007f0cb0001000 JavaThread "Attach Listener" daemon [_thread_blocked, id=18246, stack(0x00007f0cd0fe6000,0x00007f0cd10e7000)]

Other Threads:
=>0x00007f0cfc183000 VMThread "VM Thread" [stack: 0x00007f0cd2ff7000,0x00007f0cd30f7000] [id=18216]
  0x00007f0cfc2a9000 WatcherThread [stack: 0x00007f0cd13ed000,0x00007f0cd14ed000] [id=18233]
  0x00007f0cfc031000 GCTaskThread "GC Thread#0" [stack: 0x00007f0ce359f000,0x00007f0ce369f000] [id=18210]
  0x00007f0cfc061000 ConcurrentGCThread "G1 Main Marker" [stack: 0x00007f0ce0355000,0x00007f0ce0455000] [id=18211]
  0x00007f0cfc063000 ConcurrentGCThread "G1 Conc#0" [stack: 0x00007f0ce0253000,0x00007f0ce0353000] [id=18212]
  0x00007f0cfc0e8800 ConcurrentGCThread "G1 Refine#0" [stack: 0x00007f0cd39fb000,0x00007f0cd3afb000] [id=18214]
  0x00007f0cfc0ea000 ConcurrentGCThread "G1 Young RemSet Sampling" [stack: 0x00007f0cd38f9000,0x00007f0cd39f9000] [id=18215]

Threads with active compile tasks:

VM state:at safepoint (normal execution)

VM Mutex/Monitor currently owned by a thread:  ([mutex/lock_event])
[0x00007f0cfc014130] Threads_lock - owner thread: 0x00007f0cfc183000

Heap address: 0x0000000088000000, size: 1920 MB, Compressed Oops mode: 32-bit
Narrow klass base: 0x0000000800000000, Narrow klass shift: 3
Compressed class space size: 1073741824 Address: 0x0000000840000000

Heap:
 garbage-first heap   total 124928K, used 15044K [0x0000000088000000, 0x0000000100000000)
  region size 1024K, 15 young (15360K), 0 survivors (0K)
 Metaspace       used 4708K, capacity 5733K, committed 6016K, reserved 1056768K
  class space    used 458K, capacity 567K, committed 640K, reserved 1048576K
Heap Regions: E=young(eden), S=young(survivor), O=old, HS=humongous(starts), HC=humongous(continues), CS=collection set, F=free, A=archive, TAMS=top-at-mark-start (previous, next)
|   0|0x0000000088000000, 0x0000000088000000, 0x0000000088100000|  0%| F|  |TAMS 0x0000000088000000, 0x0000000088000000| Untracked 
|   1|0x0000000088100000, 0x0000000088100000, 0x0000000088200000|  0%| F|  |TAMS 0x0000000088100000, 0x0000000088100000| Untracked 
|   2|0x0000000088200000, 0x0000000088200000, 0x0000000088300000|  0%| F|  |TAMS 0x0000000088200000, 0x0000000088200000| Untracked 
|   3|0x0000000088300000, 0x0000000088300000, 0x0000000088400000|  0%| F|  |TAMS 0x0000000088300000, 0x0000000088300000| Untracked 
|   4|0x0000000088400000, 0x0000000088400000, 0x0000000088500000|  0%| F|  |TAMS 0x0000000088400000, 0x0000000088400000| Untracked 
|   5|0x0000000088500000, 0x0000000088500000, 0x0000000088600000|  0%| F|  |TAMS 0x0000000088500000, 0x0000000088500000| Untracked 
|   6|0x0000000088600000, 0x0000000088600000, 0x0000000088700000|  0%| F|  |TAMS 0x0000000088600000, 0x0000000088600000| Untracked 
|   7|0x0000000088700000, 0x0000000088700000, 0x0000000088800000|  0%| F|  |TAMS 0x0000000088700000, 0x0000000088700000| Untracked 
|   8|0x0000000088800000, 0x0000000088800000, 0x0000000088900000|  0%| F|  |TAMS 0x0000000088800000, 0x0000000088800000| Untracked 
|   9|0x0000000088900000, 0x0000000088900000, 0x0000000088a00000|  0%| F|  |TAMS 0x0000000088900000, 0x0000000088900000| Untracked 
|  10|0x0000000088a00000, 0x0000000088a00000, 0x0000000088b00000|  0%| F|  |TAMS 0x0000000088a00000, 0x0000000088a00000| Untracked 
|  11|0x0000000088b00000, 0x0000000088b00000, 0x0000000088c00000|  0%| F|  |TAMS 0x0000000088b00000, 0x0000000088b00000| Untracked 
|  12|0x0000000088c00000, 0x0000000088c00000, 0x0000000088d00000|  0%| F|  |TAMS 0x0000000088c00000, 0x0000000088c00000| Untracked 
|  13|0x0000000088d00000, 0x0000000088d00000, 0x0000000088e00000|  0%| F|  |TAMS 0x0000000088d00000, 0x0000000088d00000| Untracked 
|  14|0x0000000088e00000, 0x0000000088e00000, 0x0000000088f00000|  0%| F|  |TAMS 0x0000000088e00000, 0x0000000088e00000| Untracked 
|  15|0x0000000088f00000, 0x0000000088f00000, 0x0000000089000000|  0%| F|  |TAMS 0x0000000088f00000, 0x0000000088f00000| Untracked 
|  16|0x0000000089000000, 0x0000000089000000, 0x0000000089100000|  0%| F|  |TAMS 0x0000000089000000, 0x0000000089000000| Untracked 
|  17|0x0000000089100000, 0x0000000089100000, 0x0000000089200000|  0%| F|  |TAMS 0x0000000089100000, 0x0000000089100000| Untracked 
|  18|0x0000000089200000, 0x0000000089200000, 0x0000000089300000|  0%| F|  |TAMS 0x0000000089200000, 0x0000000089200000| Untracked 
|  19|0x0000000089300000, 0x0000000089300000, 0x0000000089400000|  0%| F|  |TAMS 0x0000000089300000, 0x0000000089300000| Untracked 
|  20|0x0000000089400000, 0x0000000089400000, 0x0000000089500000|  0%| F|  |TAMS 0x0000000089400000, 0x0000000089400000| Untracked 
|  21|0x0000000089500000, 0x0000000089500000, 0x0000000089600000|  0%| F|  |TAMS 0x0000000089500000, 0x0000000089500000| Untracked 
|  22|0x0000000089600000, 0x0000000089600000, 0x0000000089700000|  0%| F|  |TAMS 0x0000000089600000, 0x0000000089600000| Untracked 
|  23|0x0000000089700000, 0x0000000089700000, 0x0000000089800000|  0%| F|  |TAMS 0x0000000089700000, 0x0000000089700000| Untracked 
|  24|0x0000000089800000, 0x0000000089800000, 0x0000000089900000|  0%| F|  |TAMS 0x0000000089800000, 0x0000000089800000| Untracked 
|  25|0x0000000089900000, 0x0000000089900000, 0x0000000089a00000|  0%| F|  |TAMS 0x0000000089900000, 0x0000000089900000| Untracked 
|  26|0x0000000089a00000, 0x0000000089a00000, 0x0000000089b00000|  0%| F|  |TAMS 0x0000000089a00000, 0x0000000089a00000| Untracked 
|  27|0x0000000089b00000, 0x0000000089b00000, 0x0000000089c00000|  0%| F|  |TAMS 0x0000000089b00000, 0x0000000089b00000| Untracked 
|  28|0x0000000089c00000, 0x0000000089c00000, 0x0000000089d00000|  0%| F|  |TAMS 0x0000000089c00000, 0x0000000089c00000| Untracked 
|  29|0x0000000089d00000, 0x0000000089d00000, 0x0000000089e00000|  0%| F|  |TAMS 0x0000000089d00000, 0x0000000089d00000| Untracked 
|  30|0x0000000089e00000, 0x0000000089e00000, 0x0000000089f00000|  0%| F|  |TAMS 0x0000000089e00000, 0x0000000089e00000| Untracked 
|  31|0x0000000089f00000, 0x0000000089f00000, 0x000000008a000000|  0%| F|  |TAMS 0x0000000089f00000, 0x0000000089f00000| Untracked 
|  32|0x000000008a000000, 0x000000008a000000, 0x000000008a100000|  0%| F|  |TAMS 0x000000008a000000, 0x000000008a000000| Untracked 
|  33|0x000000008a100000, 0x000000008a100000, 0x000000008a200000|  0%| F|  |TAMS 0x000000008a100000, 0x000000008a100000| Untracked 
|  34|0x000000008a200000, 0x000000008a200000, 0x000000008a300000|  0%| F|  |TAMS 0x000000008a200000, 0x000000008a200000| Untracked 
|  35|0x000000008a300000, 0x000000008a300000, 0x000000008a400000|  0%| F|  |TAMS 0x000000008a300000, 0x000000008a300000| Untracked 
|  36|0x000000008a400000, 0x000000008a400000, 0x000000008a500000|  0%| F|  |TAMS 0x000000008a400000, 0x000000008a400000| Untracked 
|  37|0x000000008a500000, 0x000000008a500000, 0x000000008a600000|  0%| F|  |TAMS 0x000000008a500000, 0x000000008a500000| Untracked 
|  38|0x000000008a600000, 0x000000008a600000, 0x000000008a700000|  0%| F|  |TAMS 0x000000008a600000, 0x000000008a600000| Untracked 
|  39|0x000000008a700000, 0x000000008a700000, 0x000000008a800000|  0%| F|  |TAMS 0x000000008a700000, 0x000000008a700000| Untracked 
|  40|0x000000008a800000, 0x000000008a800000, 0x000000008a900000|  0%| F|  |TAMS 0x000000008a800000, 0x000000008a800000| Untracked 
|  41|0x000000008a900000, 0x000000008a900000, 0x000000008aa00000|  0%| F|  |TAMS 0x000000008a900000, 0x000000008a900000| Untracked 
|  42|0x000000008aa00000, 0x000000008aa00000, 0x000000008ab00000|  0%| F|  |TAMS 0x000000008aa00000, 0x000000008aa00000| Untracked 
|  43|0x000000008ab00000, 0x000000008ab00000, 0x000000008ac00000|  0%| F|  |TAMS 0x000000008ab00000, 0x000000008ab00000| Untracked 
|  44|0x000000008ac00000, 0x000000008ac00000, 0x000000008ad00000|  0%| F|  |TAMS 0x000000008ac00000, 0x000000008ac00000| Untracked 
|  45|0x000000008ad00000, 0x000000008ad00000, 0x000000008ae00000|  0%| F|  |TAMS 0x000000008ad00000, 0x000000008ad00000| Untracked 
|  46|0x000000008ae00000, 0x000000008ae00000, 0x000000008af00000|  0%| F|  |TAMS 0x000000008ae00000, 0x000000008ae00000| Untracked 
|  47|0x000000008af00000, 0x000000008af00000, 0x000000008b000000|  0%| F|  |TAMS 0x000000008af00000, 0x000000008af00000| Untracked 
|  48|0x000000008b000000, 0x000000008b000000, 0x000000008b100000|  0%| F|  |TAMS 0x000000008b000000, 0x000000008b000000| Untracked 
|  49|0x000000008b100000, 0x000000008b100000, 0x000000008b200000|  0%| F|  |TAMS 0x000000008b100000, 0x000000008b100000| Untracked 
|  50|0x000000008b200000, 0x000000008b200000, 0x000000008b300000|  0%| F|  |TAMS 0x000000008b200000, 0x000000008b200000| Untracked 
|  51|0x000000008b300000, 0x000000008b300000, 0x000000008b400000|  0%| F|  |TAMS 0x000000008b300000, 0x000000008b300000| Untracked 
|  52|0x000000008b400000, 0x000000008b400000, 0x000000008b500000|  0%| F|  |TAMS 0x000000008b400000, 0x000000008b400000| Untracked 
|  53|0x000000008b500000, 0x000000008b500000, 0x000000008b600000|  0%| F|  |TAMS 0x000000008b500000, 0x000000008b500000| Untracked 
|  54|0x000000008b600000, 0x000000008b600000, 0x000000008b700000|  0%| F|  |TAMS 0x000000008b600000, 0x000000008b600000| Untracked 
|  55|0x000000008b700000, 0x000000008b700000, 0x000000008b800000|  0%| F|  |TAMS 0x000000008b700000, 0x000000008b700000| Untracked 
|  56|0x000000008b800000, 0x000000008b800000, 0x000000008b900000|  0%| F|  |TAMS 0x000000008b800000, 0x000000008b800000| Untracked 
|  57|0x000000008b900000, 0x000000008b900000, 0x000000008ba00000|  0%| F|  |TAMS 0x000000008b900000, 0x000000008b900000| Untracked 
|  58|0x000000008ba00000, 0x000000008ba00000, 0x000000008bb00000|  0%| F|  |TAMS 0x000000008ba00000, 0x000000008ba00000| Untracked 
|  59|0x000000008bb00000, 0x000000008bb00000, 0x000000008bc00000|  0%| F|  |TAMS 0x000000008bb00000, 0x000000008bb00000| Untracked 
|  60|0x000000008bc00000, 0x000000008bc00000, 0x000000008bd00000|  0%| F|  |TAMS 0x000000008bc00000, 0x000000008bc00000| Untracked 
|  61|0x000000008bd00000, 0x000000008bd00000, 0x000000008be00000|  0%| F|  |TAMS 0x000000008bd00000, 0x000000008bd00000| Untracked 
|  62|0x000000008be00000, 0x000000008be00000, 0x000000008bf00000|  0%| F|  |TAMS 0x000000008be00000, 0x000000008be00000| Untracked 
|  63|0x000000008bf00000, 0x000000008bf00000, 0x000000008c000000|  0%| F|  |TAMS 0x000000008bf00000, 0x000000008bf00000| Untracked 
|  64|0x000000008c000000, 0x000000008c000000, 0x000000008c100000|  0%| F|  |TAMS 0x000000008c000000, 0x000000008c000000| Untracked 
|  65|0x000000008c100000, 0x000000008c100000, 0x000000008c200000|  0%| F|  |TAMS 0x000000008c100000, 0x000000008c100000| Untracked 
|  66|0x000000008c200000, 0x000000008c200000, 0x000000008c300000|  0%| F|  |TAMS 0x000000008c200000, 0x000000008c200000| Untracked 
|  67|0x000000008c300000, 0x000000008c300000, 0x000000008c400000|  0%| F|  |TAMS 0x000000008c300000, 0x000000008c300000| Untracked 
|  68|0x000000008c400000, 0x000000008c400000, 0x000000008c500000|  0%| F|  |TAMS 0x000000008c400000, 0x000000008c400000| Untracked 
|  69|0x000000008c500000, 0x000000008c500000, 0x000000008c600000|  0%| F|  |TAMS 0x000000008c500000, 0x000000008c500000| Untracked 
|  70|0x000000008c600000, 0x000000008c600000, 0x000000008c700000|  0%| F|  |TAMS 0x000000008c600000, 0x000000008c600000| Untracked 
|  71|0x000000008c700000, 0x000000008c700000, 0x000000008c800000|  0%| F|  |TAMS 0x000000008c700000, 0x000000008c700000| Untracked 
|  72|0x000000008c800000, 0x000000008c800000, 0x000000008c900000|  0%| F|  |TAMS 0x000000008c800000, 0x000000008c800000| Untracked 
|  73|0x000000008c900000, 0x000000008c900000, 0x000000008ca00000|  0%| F|  |TAMS 0x000000008c900000, 0x000000008c900000| Untracked 
|  74|0x000000008ca00000, 0x000000008ca00000, 0x000000008cb00000|  0%| F|  |TAMS 0x000000008ca00000, 0x000000008ca00000| Untracked 
|  75|0x000000008cb00000, 0x000000008cb00000, 0x000000008cc00000|  0%| F|  |TAMS 0x000000008cb00000, 0x000000008cb00000| Untracked 
|  76|0x000000008cc00000, 0x000000008cc00000, 0x000000008cd00000|  0%| F|  |TAMS 0x000000008cc00000, 0x000000008cc00000| Untracked 
|  77|0x000000008cd00000, 0x000000008cd00000, 0x000000008ce00000|  0%| F|  |TAMS 0x000000008cd00000, 0x000000008cd00000| Untracked 
|  78|0x000000008ce00000, 0x000000008ce00000, 0x000000008cf00000|  0%| F|  |TAMS 0x000000008ce00000, 0x000000008ce00000| Untracked 
|  79|0x000000008cf00000, 0x000000008cf00000, 0x000000008d000000|  0%| F|  |TAMS 0x000000008cf00000, 0x000000008cf00000| Untracked 
|  80|0x000000008d000000, 0x000000008d000000, 0x000000008d100000|  0%| F|  |TAMS 0x000000008d000000, 0x000000008d000000| Untracked 
|  81|0x000000008d100000, 0x000000008d100000, 0x000000008d200000|  0%| F|  |TAMS 0x000000008d100000, 0x000000008d100000| Untracked 
|  82|0x000000008d200000, 0x000000008d200000, 0x000000008d300000|  0%| F|  |TAMS 0x000000008d200000, 0x000000008d200000| Untracked 
|  83|0x000000008d300000, 0x000000008d300000, 0x000000008d400000|  0%| F|  |TAMS 0x000000008d300000, 0x000000008d300000| Untracked 
|  84|0x000000008d400000, 0x000000008d400000, 0x000000008d500000|  0%| F|  |TAMS 0x000000008d400000, 0x000000008d400000| Untracked 
|  85|0x000000008d500000, 0x000000008d500000, 0x000000008d600000|  0%| F|  |TAMS 0x000000008d500000, 0x000000008d500000| Untracked 
|  86|0x000000008d600000, 0x000000008d600000, 0x000000008d700000|  0%| F|  |TAMS 0x000000008d600000, 0x000000008d600000| Untracked 
|  87|0x000000008d700000, 0x000000008d700000, 0x000000008d800000|  0%| F|  |TAMS 0x000000008d700000, 0x000000008d700000| Untracked 
|  88|0x000000008d800000, 0x000000008d800000, 0x000000008d900000|  0%| F|  |TAMS 0x000000008d800000, 0x000000008d800000| Untracked 
|  89|0x000000008d900000, 0x000000008d900000, 0x000000008da00000|  0%| F|  |TAMS 0x000000008d900000, 0x000000008d900000| Untracked 
|  90|0x000000008da00000, 0x000000008da00000, 0x000000008db00000|  0%| F|  |TAMS 0x000000008da00000, 0x000000008da00000| Untracked 
|  91|0x000000008db00000, 0x000000008db00000, 0x000000008dc00000|  0%| F|  |TAMS 0x000000008db00000, 0x000000008db00000| Untracked 
|  92|0x000000008dc00000, 0x000000008dc00000, 0x000000008dd00000|  0%| F|  |TAMS 0x000000008dc00000, 0x000000008dc00000| Untracked 
|  93|0x000000008dd00000, 0x000000008dd00000, 0x000000008de00000|  0%| F|  |TAMS 0x000000008dd00000, 0x000000008dd00000| Untracked 
|  94|0x000000008de00000, 0x000000008de00000, 0x000000008df00000|  0%| F|  |TAMS 0x000000008de00000, 0x000000008de00000| Untracked 
|  95|0x000000008df00000, 0x000000008df00000, 0x000000008e000000|  0%| F|  |TAMS 0x000000008df00000, 0x000000008df00000| Untracked 
|  96|0x000000008e000000, 0x000000008e000000, 0x000000008e100000|  0%| F|  |TAMS 0x000000008e000000, 0x000000008e000000| Untracked 
|  97|0x000000008e100000, 0x000000008e100000, 0x000000008e200000|  0%| F|  |TAMS 0x000000008e100000, 0x000000008e100000| Untracked 
|  98|0x000000008e200000, 0x000000008e200000, 0x000000008e300000|  0%| F|  |TAMS 0x000000008e200000, 0x000000008e200000| Untracked 
|  99|0x000000008e300000, 0x000000008e300000, 0x000000008e400000|  0%| F|  |TAMS 0x000000008e300000, 0x000000008e300000| Untracked 
| 100|0x000000008e400000, 0x000000008e400000, 0x000000008e500000|  0%| F|  |TAMS 0x000000008e400000, 0x000000008e400000| Untracked 
| 101|0x000000008e500000, 0x000000008e500000, 0x000000008e600000|  0%| F|  |TAMS 0x000000008e500000, 0x000000008e500000| Untracked 
| 102|0x000000008e600000, 0x000000008e600000, 0x000000008e700000|  0%| F|  |TAMS 0x000000008e600000, 0x000000008e600000| Untracked 
| 103|0x000000008e700000, 0x000000008e700000, 0x000000008e800000|  0%| F|  |TAMS 0x000000008e700000, 0x000000008e700000| Untracked 
| 104|0x000000008e800000, 0x000000008e800000, 0x000000008e900000|  0%| F|  |TAMS 0x000000008e800000, 0x000000008e800000| Untracked 
| 105|0x000000008e900000, 0x000000008e97b660, 0x000000008ea00000| 48%| E|  |TAMS 0x000000008e900000, 0x000000008e900000| Complete 
| 106|0x000000008ea00000, 0x000000008eb00000, 0x000000008eb00000|100%| E|CS|TAMS 0x000000008ea00000, 0x000000008ea00000| Complete 
| 107|0x000000008eb00000, 0x000000008ec00000, 0x000000008ec00000|100%| E|CS|TAMS 0x000000008eb00000, 0x000000008eb00000| Complete 
| 108|0x000000008ec00000, 0x000000008ed00000, 0x000000008ed00000|100%| E|CS|TAMS 0x000000008ec00000, 0x000000008ec00000| Complete 
| 109|0x000000008ed00000, 0x000000008ee00000, 0x000000008ee00000|100%| E|CS|TAMS 0x000000008ed00000, 0x000000008ed00000| Complete 
| 110|0x000000008ee00000, 0x000000008ef00000, 0x000000008ef00000|100%| E|CS|TAMS 0x000000008ee00000, 0x000000008ee00000| Complete 
| 111|0x000000008ef00000, 0x000000008f000000, 0x000000008f000000|100%| E|CS|TAMS 0x000000008ef00000, 0x000000008ef00000| Complete 
| 112|0x000000008f000000, 0x000000008f100000, 0x000000008f100000|100%| E|CS|TAMS 0x000000008f000000, 0x000000008f000000| Complete 
| 113|0x000000008f100000, 0x000000008f200000, 0x000000008f200000|100%| E|CS|TAMS 0x000000008f100000, 0x000000008f100000| Complete 
| 114|0x000000008f200000, 0x000000008f300000, 0x000000008f300000|100%| E|CS|TAMS 0x000000008f200000, 0x000000008f200000| Complete 
| 115|0x000000008f300000, 0x000000008f400000, 0x000000008f400000|100%| E|CS|TAMS 0x000000008f300000, 0x000000008f300000| Complete 
| 116|0x000000008f400000, 0x000000008f500000, 0x000000008f500000|100%| E|CS|TAMS 0x000000008f400000, 0x000000008f400000| Complete 
| 117|0x000000008f500000, 0x000000008f600000, 0x000000008f600000|100%| E|CS|TAMS 0x000000008f500000, 0x000000008f500000| Complete 
| 118|0x000000008f600000, 0x000000008f700000, 0x000000008f700000|100%| E|CS|TAMS 0x000000008f600000, 0x000000008f600000| Complete 
| 119|0x000000008f700000, 0x000000008f800000, 0x000000008f800000|100%| E|CS|TAMS 0x000000008f700000, 0x000000008f700000| Complete 
|1918|0x00000000ffe00000, 0x00000000ffe47000, 0x00000000fff00000| 27%|OA|  |TAMS 0x00000000ffe00000, 0x00000000ffe00000| Untracked 
|1919|0x00000000fff00000, 0x00000000fff6a000, 0x0000000100000000| 41%|CA|  |TAMS 0x00000000fff00000, 0x00000000fff00000| Untracked 

Card table byte_map: [0x00007f0ce2615000,0x00007f0ce29d5000] _byte_map_base: 0x00007f0ce21d5000

Marking Bits (Prev, Next): (CMBitMap*) 0x00007f0cfc058d18, (CMBitMap*) 0x00007f0cfc058d50
 Prev Bits: [0x00007f0ce0455000, 0x00007f0ce2255000)
 Next Bits: [0x00007f0cda200000, 0x00007f0cdc000000)

Polling page: 0x00007f0d032ef000

Metaspace:

Usage:
  Non-class:      5,04 MB capacity,     4,15 MB ( 82%) used,   908,80 KB ( 18%) free+waste,     6,56 KB ( <1%) overhead. 
      Class:    567,00 KB capacity,   458,27 KB ( 81%) used,   105,35 KB ( 19%) free+waste,     3,38 KB ( <1%) overhead. 
       Both:      5,60 MB capacity,     4,60 MB ( 82%) used,  1014,16 KB ( 18%) free+waste,     9,94 KB ( <1%) overhead. 

Virtual space:
  Non-class space:        8,00 MB reserved,       5,25 MB ( 66%) committed 
      Class space:        1,00 GB reserved,     640,00 KB ( <1%) committed 
             Both:        1,01 GB reserved,       5,88 MB ( <1%) committed 

Chunk freelists:
   Non-Class:  54,00 KB
       Class:  9,00 KB
        Both:  63,00 KB

MaxMetaspaceSize: unlimited
CompressedClassSpaceSize: 1,00 GB

CodeHeap 'non-profiled nmethods': size=120032Kb used=247Kb max_used=247Kb free=119784Kb
 bounds [0x00007f0ceb33d000, 0x00007f0ceb5ad000, 0x00007f0cf2875000]
CodeHeap 'profiled nmethods': size=120028Kb used=1568Kb max_used=1568Kb free=118459Kb
 bounds [0x00007f0ce3e06000, 0x00007f0ce4076000, 0x00007f0ceb33d000]
CodeHeap 'non-nmethods': size=5700Kb used=1135Kb max_used=1153Kb free=4564Kb
 bounds [0x00007f0ce3875000, 0x00007f0ce3ae5000, 0x00007f0ce3e06000]
 total_blobs=1279 nmethods=723 adapters=288
 compilation: enabled
              stopped_count=0, restarted_count=0
 full_count=0

Compilation events (20 events):
Event: 1,894 Thread 0x00007f0cfc192800 nmethod 715 0x00007f0ce3f89c90 code [0x00007f0ce3f8a180, 0x00007f0ce3f8c408]
Event: 1,894 Thread 0x00007f0cfc192800  718       3       java.lang.StringBuilder::<init> (6 bytes)
Event: 1,894 Thread 0x00007f0cfc192800 nmethod 718 0x00007f0ce3f8d090 code [0x00007f0ce3f8d240, 0x00007f0ce3f8d408]
Event: 1,894 Thread 0x00007f0cfc192800  719       3       java.util.concurrent.ConcurrentHashMap$EntryIterator::next (5 bytes)
Event: 1,894 Thread 0x00007f0cfc192800 nmethod 719 0x00007f0ce3f8d490 code [0x00007f0ce3f8d640, 0x00007f0ce3f8d7e8]
Event: 1,903 Thread 0x00007f0cfc190800 nmethod 704 0x00007f0ceb374610 code [0x00007f0ceb374840, 0x00007f0ceb375b50]
Event: 1,903 Thread 0x00007f0cfc190800  706       4       java.util.HashMap::putVal (300 bytes)
Event: 1,920 Thread 0x00007f0cfc190800 nmethod 706 0x00007f0ceb376310 code [0x00007f0ceb376520, 0x00007f0ceb377630]
Event: 1,920 Thread 0x00007f0cfc190800  716       4       java.lang.StringBuilder::append (8 bytes)
Event: 1,923 Thread 0x00007f0cfc190800 nmethod 716 0x00007f0ceb377d10 code [0x00007f0ceb377ec0, 0x00007f0ceb378438]
Event: 1,923 Thread 0x00007f0cfc190800  717       4       java.lang.AbstractStringBuilder::append (77 bytes)
Event: 1,928 Thread 0x00007f0cfc190800 nmethod 717 0x00007f0ceb378710 code [0x00007f0ceb3788c0, 0x00007f0ceb378db8]
Event: 274,879 Thread 0x00007f0cfc190800  720       4       org.eclipse.jdt.launching.internal.org.objectweb.asm.ByteVector::put12 (64 bytes)
Event: 274,885 Thread 0x00007f0cfc190800 nmethod 720 0x00007f0ceb379090 code [0x00007f0ceb379240, 0x00007f0ceb3794a8]
Event: 274,885 Thread 0x00007f0cfc190800  721       4       org.eclipse.jdt.launching.internal.org.objectweb.asm.SymbolTable::put (150 bytes)
Event: 274,917 Thread 0x00007f0cfc190800 nmethod 721 0x00007f0ceb379610 code [0x00007f0ceb3797e0, 0x00007f0ceb37a518]
Event: 274,918 Thread 0x00007f0cfc190800  722       4       org.eclipse.jdt.launching.internal.org.objectweb.asm.Symbol::<init> (38 bytes)
Event: 274,923 Thread 0x00007f0cfc190800 nmethod 722 0x00007f0ceb37a890 code [0x00007f0ceb37aa20, 0x00007f0ceb37ad18]
Event: 373,728 Thread 0x00007f0cfc192800  723       3       org.eclipse.jdt.launching.internal.org.objectweb.asm.ClassReader::createLabel (21 bytes)
Event: 373,728 Thread 0x00007f0cfc192800 nmethod 723 0x00007f0ce3f8d890 code [0x00007f0ce3f8da80, 0x00007f0ce3f8dff0]

GC Heap History (0 events):
No events

Deoptimization events (20 events):
Event: 0,510 Thread 0x00007f0cfc018000 DEOPT PACKING pc=0x00007f0ce3e77392 sp=0x00007f0d032d4360
Event: 0,510 Thread 0x00007f0cfc018000 DEOPT UNPACKING pc=0x00007f0ce38ae03a sp=0x00007f0d032d37e0 mode 0
Event: 0,542 Thread 0x00007f0cfc018000 Uncommon trap: trap_request=0xffffff4d fr.pc=0x00007f0ceb35f800 relative=0x0000000000000360
Event: 0,542 Thread 0x00007f0cfc018000 Uncommon trap: reason=unstable_if action=reinterpret pc=0x00007f0ceb35f800 method=java.lang.StringUTF16.compress([CI[BII)I @ 20 c2
Event: 0,542 Thread 0x00007f0cfc018000 DEOPT PACKING pc=0x00007f0ceb35f800 sp=0x00007f0d032d1ca0
Event: 0,542 Thread 0x00007f0cfc018000 DEOPT UNPACKING pc=0x00007f0ce38ae225 sp=0x00007f0d032d1c40 mode 2
Event: 0,542 Thread 0x00007f0cfc018000 Uncommon trap: trap_request=0xffffff4d fr.pc=0x00007f0ceb345558 relative=0x0000000000000238
Event: 0,542 Thread 0x00007f0cfc018000 Uncommon trap: reason=unstable_if action=reinterpret pc=0x00007f0ceb345558 method=java.lang.String.isLatin1()Z @ 10 c2
Event: 0,542 Thread 0x00007f0cfc018000 DEOPT PACKING pc=0x00007f0ceb345558 sp=0x00007f0d032d1dc0
Event: 0,542 Thread 0x00007f0cfc018000 DEOPT UNPACKING pc=0x00007f0ce38ae225 sp=0x00007f0d032d1d18 mode 2
Event: 0,542 Thread 0x00007f0cfc018000 Uncommon trap: trap_request=0xffffff4d fr.pc=0x00007f0ceb342200 relative=0x00000000000000e0
Event: 0,542 Thread 0x00007f0cfc018000 Uncommon trap: reason=unstable_if action=reinterpret pc=0x00007f0ceb342200 method=java.lang.String.isLatin1()Z @ 10 c2
Event: 0,542 Thread 0x00007f0cfc018000 DEOPT PACKING pc=0x00007f0ceb342200 sp=0x00007f0d032d1b30
Event: 0,542 Thread 0x00007f0cfc018000 DEOPT UNPACKING pc=0x00007f0ce38ae225 sp=0x00007f0d032d1aa0 mode 2
Event: 0,542 Thread 0x00007f0cfc018000 Uncommon trap: trap_request=0xffffff4d fr.pc=0x00007f0ceb34ab0c relative=0x000000000000006c
Event: 0,542 Thread 0x00007f0cfc018000 Uncommon trap: reason=unstable_if action=reinterpret pc=0x00007f0ceb34ab0c method=java.lang.String.isLatin1()Z @ 10 c2
Event: 0,542 Thread 0x00007f0cfc018000 DEOPT PACKING pc=0x00007f0ceb34ab0c sp=0x00007f0d032d1ae0
Event: 0,542 Thread 0x00007f0cfc018000 DEOPT UNPACKING pc=0x00007f0ce38ae225 sp=0x00007f0d032d1aa0 mode 2
Event: 1,869 Thread 0x00007f0cb0001000 DEOPT PACKING pc=0x00007f0ce3ef2473 sp=0x00007f0cd10e3230
Event: 1,869 Thread 0x00007f0cb0001000 DEOPT UNPACKING pc=0x00007f0ce38ae03a sp=0x00007f0cd10e26c0 mode 0

Classes redefined (3 events):
Event: 274,884 Thread 0x00007f0cfc183000 redefined class name=br.com.viniciusfernandes.algoritmos.grafo.GrafoListaAdjacencia, count=1
Event: 373,736 Thread 0x00007f0cfc183000 redefined class name=br.com.viniciusfernandes.algoritmos.grafo.GrafoListaAdjacencia, count=2
Event: 391,310 Thread 0x00007f0cfc183000 redefined class name=br.com.viniciusfernandes.algoritmos.grafo.GrafoListaAdjacencia, count=3

Internal exceptions (3 events):
Event: 0,546 Thread 0x00007f0cfc018000 Exception <a 'java/security/PrivilegedActionException'{0x000000008f1fcb58}> (0x000000008f1fcb58) thrown at [./src/hotspot/share/prims/jvm.cpp, line 1297]
Event: 0,546 Thread 0x00007f0cfc018000 Exception <a 'java/security/PrivilegedActionException'{0x000000008f1fd0d0}> (0x000000008f1fd0d0) thrown at [./src/hotspot/share/prims/jvm.cpp, line 1297]
Event: 0,694 Thread 0x00007f0cfc018000 Exception <a 'java/lang/NoSuchMethodError'{0x000000008ec67c08}: 'int java.lang.invoke.DirectMethodHandle$Holder.invokeSpecialIFC(java.lang.Object, java.lang.Object, int)'> (0x000000008ec67c08) thrown at [./src/hotspot/share/interpreter/linkResolver.cpp, line 773]

Events (20 events):
Event: 391,311 Executing VM operation: RedefineClasses done
Event: 391,317 Executing VM operation: ChangeBreakpoints
Event: 391,317 Executing VM operation: ChangeBreakpoints done
Event: 391,322 Executing VM operation: ChangeBreakpoints
Event: 391,322 Executing VM operation: ChangeBreakpoints done
Event: 391,327 Executing VM operation: ChangeBreakpoints
Event: 391,328 Executing VM operation: ChangeBreakpoints done
Event: 391,330 Executing VM operation: GetFrameCount
Event: 391,330 Executing VM operation: GetFrameCount done
Event: 391,330 Executing VM operation: GetStackTrace
Event: 391,330 Executing VM operation: GetStackTrace done
Event: 391,380 Executing VM operation: GetFrameCount
Event: 391,380 Executing VM operation: GetFrameCount done
Event: 391,381 Executing VM operation: GetOwnedMonitorInfo
Event: 391,381 Executing VM operation: GetOwnedMonitorInfo done
Event: 391,381 Executing VM operation: GetCurrentContendedMonitor
Event: 391,382 Executing VM operation: GetCurrentContendedMonitor done
Event: 391,411 Executing VM operation: GetFrameLocation
Event: 391,411 Executing VM operation: GetFrameLocation done
Event: 391,411 Executing VM operation: GetOrSetLocal


Dynamic libraries:
88000000-8f800000 rw-p 00000000 00:00 0 
8f800000-ffe00000 ---p 00000000 00:00 0 
ffe00000-ffe47000 rw-p 0110b000 103:02 10228367                          /usr/lib/jvm/java-11-openjdk-amd64/lib/server/classes.jsa
ffe47000-fff00000 rw-p 00000000 00:00 0 
fff00000-fff6a000 rw-p 010a1000 103:02 10228367                          /usr/lib/jvm/java-11-openjdk-amd64/lib/server/classes.jsa
fff6a000-100000000 rw-p 00000000 00:00 0 
800000000-800002000 rwxp 00001000 103:02 10228367                        /usr/lib/jvm/java-11-openjdk-amd64/lib/server/classes.jsa
800002000-8010a0000 rw-p 00003000 103:02 10228367                        /usr/lib/jvm/java-11-openjdk-amd64/lib/server/classes.jsa
840000000-8400a0000 rw-p 00000000 00:00 0 
8400a0000-880000000 ---p 00000000 00:00 0 
55c4d88cb000-55c4d88cc000 r-xp 00000000 103:02 9045906                   /usr/lib/jvm/java-11-openjdk-amd64/bin/java
55c4d8acc000-55c4d8acd000 r--p 00001000 103:02 9045906                   /usr/lib/jvm/java-11-openjdk-amd64/bin/java
55c4d8acd000-55c4d8ace000 rw-p 00002000 103:02 9045906                   /usr/lib/jvm/java-11-openjdk-amd64/bin/java
55c4da6f8000-55c4da719000 rw-p 00000000 00:00 0                          [heap]
7f0c88000000-7f0c88021000 rw-p 00000000 00:00 0 
7f0c88021000-7f0c8c000000 ---p 00000000 00:00 0 
7f0c8c000000-7f0c8c02e000 rw-p 00000000 00:00 0 
7f0c8c02e000-7f0c90000000 ---p 00000000 00:00 0 
7f0c90000000-7f0c90021000 rw-p 00000000 00:00 0 
7f0c90021000-7f0c94000000 ---p 00000000 00:00 0 
7f0c94000000-7f0c94021000 rw-p 00000000 00:00 0 
7f0c94021000-7f0c98000000 ---p 00000000 00:00 0 
7f0c98000000-7f0c98021000 rw-p 00000000 00:00 0 
7f0c98021000-7f0c9c000000 ---p 00000000 00:00 0 
7f0c9c000000-7f0c9c021000 rw-p 00000000 00:00 0 
7f0c9c021000-7f0ca0000000 ---p 00000000 00:00 0 
7f0ca0000000-7f0ca0021000 rw-p 00000000 00:00 0 
7f0ca0021000-7f0ca4000000 ---p 00000000 00:00 0 
7f0ca4000000-7f0ca4084000 rw-p 00000000 00:00 0 
7f0ca4084000-7f0ca8000000 ---p 00000000 00:00 0 
7f0ca8000000-7f0ca84dd000 rw-p 00000000 00:00 0 
7f0ca84dd000-7f0cac000000 ---p 00000000 00:00 0 
7f0cac000000-7f0cac021000 rw-p 00000000 00:00 0 
7f0cac021000-7f0cb0000000 ---p 00000000 00:00 0 
7f0cb0000000-7f0cb0021000 rw-p 00000000 00:00 0 
7f0cb0021000-7f0cb4000000 ---p 00000000 00:00 0 
7f0cb4000000-7f0cb468f000 rw-p 00000000 00:00 0 
7f0cb468f000-7f0cb8000000 ---p 00000000 00:00 0 
7f0cb8000000-7f0cb8021000 rw-p 00000000 00:00 0 
7f0cb8021000-7f0cbc000000 ---p 00000000 00:00 0 
7f0cbc000000-7f0cbc021000 rw-p 00000000 00:00 0 
7f0cbc021000-7f0cc0000000 ---p 00000000 00:00 0 
7f0cc0000000-7f0cc0021000 rw-p 00000000 00:00 0 
7f0cc0021000-7f0cc4000000 ---p 00000000 00:00 0 
7f0cc4000000-7f0cc4024000 rw-p 00000000 00:00 0 
7f0cc4024000-7f0cc8000000 ---p 00000000 00:00 0 
7f0cc8000000-7f0cc8021000 rw-p 00000000 00:00 0 
7f0cc8021000-7f0ccc000000 ---p 00000000 00:00 0 
7f0ccc000000-7f0ccc021000 rw-p 00000000 00:00 0 
7f0ccc021000-7f0cd0000000 ---p 00000000 00:00 0 
7f0cd0fe6000-7f0cd0fea000 ---p 00000000 00:00 0 
7f0cd0fea000-7f0cd10e7000 rw-p 00000000 00:00 0 
7f0cd10e7000-7f0cd10eb000 ---p 00000000 00:00 0 
7f0cd10eb000-7f0cd11e8000 rw-p 00000000 00:00 0 
7f0cd11e8000-7f0cd11ea000 r-xp 00000000 103:02 10101639                  /usr/lib/jvm/java-11-openjdk-amd64/lib/libextnet.so
7f0cd11ea000-7f0cd13e9000 ---p 00002000 103:02 10101639                  /usr/lib/jvm/java-11-openjdk-amd64/lib/libextnet.so
7f0cd13e9000-7f0cd13ea000 r--p 00001000 103:02 10101639                  /usr/lib/jvm/java-11-openjdk-amd64/lib/libextnet.so
7f0cd13ea000-7f0cd13eb000 rw-p 00002000 103:02 10101639                  /usr/lib/jvm/java-11-openjdk-amd64/lib/libextnet.so
7f0cd13eb000-7f0cd13ec000 ---p 00000000 00:00 0 
7f0cd13ec000-7f0cd14ed000 rw-p 00000000 00:00 0 
7f0cd14ed000-7f0cd14f1000 ---p 00000000 00:00 0 
7f0cd14f1000-7f0cd15ee000 rw-p 00000000 00:00 0 
7f0cd15ee000-7f0cd1604000 r-xp 00000000 103:02 10102664                  /usr/lib/jvm/java-11-openjdk-amd64/lib/libnet.so
7f0cd1604000-7f0cd1803000 ---p 00016000 103:02 10102664                  /usr/lib/jvm/java-11-openjdk-amd64/lib/libnet.so
7f0cd1803000-7f0cd1804000 r--p 00015000 103:02 10102664                  /usr/lib/jvm/java-11-openjdk-amd64/lib/libnet.so
7f0cd1804000-7f0cd1805000 rw-p 00016000 103:02 10102664                  /usr/lib/jvm/java-11-openjdk-amd64/lib/libnet.so
7f0cd1805000-7f0cd1815000 r-xp 00000000 103:02 10102666                  /usr/lib/jvm/java-11-openjdk-amd64/lib/libnio.so
7f0cd1815000-7f0cd1a14000 ---p 00010000 103:02 10102666                  /usr/lib/jvm/java-11-openjdk-amd64/lib/libnio.so
7f0cd1a14000-7f0cd1a15000 r--p 0000f000 103:02 10102666                  /usr/lib/jvm/java-11-openjdk-amd64/lib/libnio.so
7f0cd1a15000-7f0cd1a16000 rw-p 00010000 103:02 10102666                  /usr/lib/jvm/java-11-openjdk-amd64/lib/libnio.so
7f0cd1a16000-7f0cd1a1a000 ---p 00000000 00:00 0 
7f0cd1a1a000-7f0cd1b17000 rw-p 00000000 00:00 0 
7f0cd1b17000-7f0cd1b1b000 ---p 00000000 00:00 0 
7f0cd1b1b000-7f0cd1c18000 rw-p 00000000 00:00 0 
7f0cd1c18000-7f0cd1c1c000 ---p 00000000 00:00 0 
7f0cd1c1c000-7f0cd1d19000 rw-p 00000000 00:00 0 
7f0cd1d19000-7f0cd1d1d000 r-xp 00000000 103:02 10101624                  /usr/lib/jvm/java-11-openjdk-amd64/lib/libdt_socket.so
7f0cd1d1d000-7f0cd1f1d000 ---p 00004000 103:02 10101624                  /usr/lib/jvm/java-11-openjdk-amd64/lib/libdt_socket.so
7f0cd1f1d000-7f0cd1f1e000 r--p 00004000 103:02 10101624                  /usr/lib/jvm/java-11-openjdk-amd64/lib/libdt_socket.so
7f0cd1f1e000-7f0cd1f1f000 rw-p 00005000 103:02 10101624                  /usr/lib/jvm/java-11-openjdk-amd64/lib/libdt_socket.so
7f0cd1f1f000-7f0cd1f23000 ---p 00000000 00:00 0 
7f0cd1f23000-7f0cd2020000 rw-p 00000000 00:00 0 
7f0cd2020000-7f0cd2024000 ---p 00000000 00:00 0 
7f0cd2024000-7f0cd2121000 rw-p 00000000 00:00 0 
7f0cd2121000-7f0cd2125000 ---p 00000000 00:00 0 
7f0cd2125000-7f0cd2222000 rw-p 00000000 00:00 0 
7f0cd2222000-7f0cd2226000 ---p 00000000 00:00 0 
7f0cd2226000-7f0cd2323000 rw-p 00000000 00:00 0 
7f0cd2323000-7f0cd2327000 ---p 00000000 00:00 0 
7f0cd2327000-7f0cd2424000 rw-p 00000000 00:00 0 
7f0cd2424000-7f0cd2df3000 r--p 00000000 103:02 8919654                   /usr/lib/locale/locale-archive
7f0cd2df3000-7f0cd2df7000 ---p 00000000 00:00 0 
7f0cd2df7000-7f0cd2ef4000 rw-p 00000000 00:00 0 
7f0cd2ef4000-7f0cd2ef8000 ---p 00000000 00:00 0 
7f0cd2ef8000-7f0cd2ff5000 rw-p 00000000 00:00 0 
7f0cd2ff5000-7f0cd2ff6000 ---p 00000000 00:00 0 
7f0cd2ff6000-7f0cd3637000 rw-p 00000000 00:00 0 
7f0cd3637000-7f0cd38f7000 ---p 00000000 00:00 0 
7f0cd38f7000-7f0cd38f8000 ---p 00000000 00:00 0 
7f0cd38f8000-7f0cd39f9000 rw-p 00000000 00:00 0 
7f0cd39f9000-7f0cd39fa000 ---p 00000000 00:00 0 
7f0cd39fa000-7f0cd4000000 rw-p 00000000 00:00 0 
7f0cd4000000-7f0cd4021000 rw-p 00000000 00:00 0 
7f0cd4021000-7f0cd8000000 ---p 00000000 00:00 0 
7f0cd80ff000-7f0cda3e0000 rw-p 00000000 00:00 0 
7f0cda3e0000-7f0cdbff8000 ---p 00000000 00:00 0 
7f0cdbff8000-7f0cdc000000 rw-p 00000000 00:00 0 
7f0cdc000000-7f0cdc021000 rw-p 00000000 00:00 0 
7f0cdc021000-7f0ce0000000 ---p 00000000 00:00 0 
7f0ce004f000-7f0ce0251000 rw-p 00000000 00:00 0 
7f0ce0251000-7f0ce0252000 ---p 00000000 00:00 0 
7f0ce0252000-7f0ce0353000 rw-p 00000000 00:00 0 
7f0ce0353000-7f0ce0354000 ---p 00000000 00:00 0 
7f0ce0354000-7f0ce0635000 rw-p 00000000 00:00 0 
7f0ce0635000-7f0ce224d000 ---p 00000000 00:00 0 
7f0ce224d000-7f0ce2291000 rw-p 00000000 00:00 0 
7f0ce2291000-7f0ce2614000 ---p 00000000 00:00 0 
7f0ce2614000-7f0ce2651000 rw-p 00000000 00:00 0 
7f0ce2651000-7f0ce29d4000 ---p 00000000 00:00 0 
7f0ce29d4000-7f0ce2a11000 rw-p 00000000 00:00 0 
7f0ce2a11000-7f0ce2d94000 ---p 00000000 00:00 0 
7f0ce2d94000-7f0ce359d000 rw-p 00000000 00:00 0 
7f0ce359d000-7f0ce359e000 ---p 00000000 00:00 0 
7f0ce359e000-7f0ce36a4000 rw-p 00000000 00:00 0 
7f0ce36a4000-7f0ce378a000 ---p 00000000 00:00 0 
7f0ce378a000-7f0ce378f000 rw-p 00000000 00:00 0 
7f0ce378f000-7f0ce3875000 ---p 00000000 00:00 0 
7f0ce3875000-7f0ce3ae5000 rwxp 00000000 00:00 0 
7f0ce3ae5000-7f0ce3e06000 ---p 00000000 00:00 0 
7f0ce3e06000-7f0ce4076000 rwxp 00000000 00:00 0 
7f0ce4076000-7f0ceb33d000 ---p 00000000 00:00 0 
7f0ceb33d000-7f0ceb5ad000 rwxp 00000000 00:00 0 
7f0ceb5ad000-7f0cf2875000 ---p 00000000 00:00 0 
7f0cf2875000-7f0cfaf68000 r--s 00000000 103:02 10102684                  /usr/lib/jvm/java-11-openjdk-amd64/lib/modules
7f0cfaf68000-7f0cfaf6d000 r-xp 00000000 103:02 10102648                  /usr/lib/jvm/java-11-openjdk-amd64/lib/libjimage.so
7f0cfaf6d000-7f0cfb16c000 ---p 00005000 103:02 10102648                  /usr/lib/jvm/java-11-openjdk-amd64/lib/libjimage.so
7f0cfb16c000-7f0cfb16d000 r--p 00004000 103:02 10102648                  /usr/lib/jvm/java-11-openjdk-amd64/lib/libjimage.so
7f0cfb16d000-7f0cfb16e000 rw-p 00005000 103:02 10102648                  /usr/lib/jvm/java-11-openjdk-amd64/lib/libjimage.so
7f0cfb16e000-7f0cfb175000 r-xp 00000000 103:02 10102682                  /usr/lib/jvm/java-11-openjdk-amd64/lib/libzip.so
7f0cfb175000-7f0cfb374000 ---p 00007000 103:02 10102682                  /usr/lib/jvm/java-11-openjdk-amd64/lib/libzip.so
7f0cfb374000-7f0cfb375000 r--p 00006000 103:02 10102682                  /usr/lib/jvm/java-11-openjdk-amd64/lib/libzip.so
7f0cfb375000-7f0cfb376000 rw-p 00007000 103:02 10102682                  /usr/lib/jvm/java-11-openjdk-amd64/lib/libzip.so
7f0cfb376000-7f0cfb381000 r-xp 00000000 103:02 13636648                  /lib/x86_64-linux-gnu/libnss_files-2.27.so
7f0cfb381000-7f0cfb580000 ---p 0000b000 103:02 13636648                  /lib/x86_64-linux-gnu/libnss_files-2.27.so
7f0cfb580000-7f0cfb581000 r--p 0000a000 103:02 13636648                  /lib/x86_64-linux-gnu/libnss_files-2.27.so
7f0cfb581000-7f0cfb582000 rw-p 0000b000 103:02 13636648                  /lib/x86_64-linux-gnu/libnss_files-2.27.so
7f0cfb582000-7f0cfb588000 rw-p 00000000 00:00 0 
7f0cfb588000-7f0cfb59f000 r-xp 00000000 103:02 13636642                  /lib/x86_64-linux-gnu/libnsl-2.27.so
7f0cfb59f000-7f0cfb79e000 ---p 00017000 103:02 13636642                  /lib/x86_64-linux-gnu/libnsl-2.27.so
7f0cfb79e000-7f0cfb79f000 r--p 00016000 103:02 13636642                  /lib/x86_64-linux-gnu/libnsl-2.27.so
7f0cfb79f000-7f0cfb7a0000 rw-p 00017000 103:02 13636642                  /lib/x86_64-linux-gnu/libnsl-2.27.so
7f0cfb7a0000-7f0cfb7a2000 rw-p 00000000 00:00 0 
7f0cfb7a2000-7f0cfb7ad000 r-xp 00000000 103:02 13636659                  /lib/x86_64-linux-gnu/libnss_nis-2.27.so
7f0cfb7ad000-7f0cfb9ac000 ---p 0000b000 103:02 13636659                  /lib/x86_64-linux-gnu/libnss_nis-2.27.so
7f0cfb9ac000-7f0cfb9ad000 r--p 0000a000 103:02 13636659                  /lib/x86_64-linux-gnu/libnss_nis-2.27.so
7f0cfb9ad000-7f0cfb9ae000 rw-p 0000b000 103:02 13636659                  /lib/x86_64-linux-gnu/libnss_nis-2.27.so
7f0cfb9ae000-7f0cfb9b6000 r-xp 00000000 103:02 13636644                  /lib/x86_64-linux-gnu/libnss_compat-2.27.so
7f0cfb9b6000-7f0cfbbb6000 ---p 00008000 103:02 13636644                  /lib/x86_64-linux-gnu/libnss_compat-2.27.so
7f0cfbbb6000-7f0cfbbb7000 r--p 00008000 103:02 13636644                  /lib/x86_64-linux-gnu/libnss_compat-2.27.so
7f0cfbbb7000-7f0cfbbb8000 rw-p 00009000 103:02 13636644                  /lib/x86_64-linux-gnu/libnss_compat-2.27.so
7f0cfbbb8000-7f0cfbbc2000 r-xp 00000000 103:02 10101645                  /usr/lib/jvm/java-11-openjdk-amd64/lib/libinstrument.so
7f0cfbbc2000-7f0cfbdc1000 ---p 0000a000 103:02 10101645                  /usr/lib/jvm/java-11-openjdk-amd64/lib/libinstrument.so
7f0cfbdc1000-7f0cfbdc2000 r--p 00009000 103:02 10101645                  /usr/lib/jvm/java-11-openjdk-amd64/lib/libinstrument.so
7f0cfbdc2000-7f0cfbdc3000 rw-p 0000a000 103:02 10101645                  /usr/lib/jvm/java-11-openjdk-amd64/lib/libinstrument.so
7f0cfbdc3000-7f0cfbdff000 r-xp 00000000 103:02 10102646                  /usr/lib/jvm/java-11-openjdk-amd64/lib/libjdwp.so
7f0cfbdff000-7f0cfbffe000 ---p 0003c000 103:02 10102646                  /usr/lib/jvm/java-11-openjdk-amd64/lib/libjdwp.so
7f0cfbffe000-7f0cfbfff000 r--p 0003b000 103:02 10102646                  /usr/lib/jvm/java-11-openjdk-amd64/lib/libjdwp.so
7f0cfbfff000-7f0cfc000000 rw-p 0003c000 103:02 10102646                  /usr/lib/jvm/java-11-openjdk-amd64/lib/libjdwp.so
7f0cfc000000-7f0cfc38e000 rw-p 00000000 00:00 0 
7f0cfc38e000-7f0d00000000 ---p 00000000 00:00 0 
7f0d0005f000-7f0d000e0000 rw-p 00000000 00:00 0 
7f0d000e0000-7f0d00109000 r-xp 00000000 103:02 10101674                  /usr/lib/jvm/java-11-openjdk-amd64/lib/libjava.so
7f0d00109000-7f0d00308000 ---p 00029000 103:02 10101674                  /usr/lib/jvm/java-11-openjdk-amd64/lib/libjava.so
7f0d00308000-7f0d00309000 r--p 00028000 103:02 10101674                  /usr/lib/jvm/java-11-openjdk-amd64/lib/libjava.so
7f0d00309000-7f0d0030b000 rw-p 00029000 103:02 10101674                  /usr/lib/jvm/java-11-openjdk-amd64/lib/libjava.so
7f0d0030b000-7f0d00318000 r-xp 00000000 103:02 10102680                  /usr/lib/jvm/java-11-openjdk-amd64/lib/libverify.so
7f0d00318000-7f0d00517000 ---p 0000d000 103:02 10102680                  /usr/lib/jvm/java-11-openjdk-amd64/lib/libverify.so
7f0d00517000-7f0d00519000 r--p 0000c000 103:02 10102680                  /usr/lib/jvm/java-11-openjdk-amd64/lib/libverify.so
7f0d00519000-7f0d0051a000 rw-p 0000e000 103:02 10102680                  /usr/lib/jvm/java-11-openjdk-amd64/lib/libverify.so
7f0d0051a000-7f0d00521000 r-xp 00000000 103:02 13636699                  /lib/x86_64-linux-gnu/librt-2.27.so
7f0d00521000-7f0d00720000 ---p 00007000 103:02 13636699                  /lib/x86_64-linux-gnu/librt-2.27.so
7f0d00720000-7f0d00721000 r--p 00006000 103:02 13636699                  /lib/x86_64-linux-gnu/librt-2.27.so
7f0d00721000-7f0d00722000 rw-p 00007000 103:02 13636699                  /lib/x86_64-linux-gnu/librt-2.27.so
7f0d00722000-7f0d00739000 r-xp 00000000 103:02 13631683                  /lib/x86_64-linux-gnu/libgcc_s.so.1
7f0d00739000-7f0d00938000 ---p 00017000 103:02 13631683                  /lib/x86_64-linux-gnu/libgcc_s.so.1
7f0d00938000-7f0d00939000 r--p 00016000 103:02 13631683                  /lib/x86_64-linux-gnu/libgcc_s.so.1
7f0d00939000-7f0d0093a000 rw-p 00017000 103:02 13631683                  /lib/x86_64-linux-gnu/libgcc_s.so.1
7f0d0093a000-7f0d00ad7000 r-xp 00000000 103:02 13636621                  /lib/x86_64-linux-gnu/libm-2.27.so
7f0d00ad7000-7f0d00cd6000 ---p 0019d000 103:02 13636621                  /lib/x86_64-linux-gnu/libm-2.27.so
7f0d00cd6000-7f0d00cd7000 r--p 0019c000 103:02 13636621                  /lib/x86_64-linux-gnu/libm-2.27.so
7f0d00cd7000-7f0d00cd8000 rw-p 0019d000 103:02 13636621                  /lib/x86_64-linux-gnu/libm-2.27.so
7f0d00cd8000-7f0d00e51000 r-xp 00000000 103:02 8913455                   /usr/lib/x86_64-linux-gnu/libstdc++.so.6.0.25
7f0d00e51000-7f0d01051000 ---p 00179000 103:02 8913455                   /usr/lib/x86_64-linux-gnu/libstdc++.so.6.0.25
7f0d01051000-7f0d0105b000 r--p 00179000 103:02 8913455                   /usr/lib/x86_64-linux-gnu/libstdc++.so.6.0.25
7f0d0105b000-7f0d0105d000 rw-p 00183000 103:02 8913455                   /usr/lib/x86_64-linux-gnu/libstdc++.so.6.0.25
7f0d0105d000-7f0d01061000 rw-p 00000000 00:00 0 
7f0d01061000-7f0d0213e000 r-xp 00000000 103:02 10228325                  /usr/lib/jvm/java-11-openjdk-amd64/lib/server/libjvm.so
7f0d0213e000-7f0d0233d000 ---p 010dd000 103:02 10228325                  /usr/lib/jvm/java-11-openjdk-amd64/lib/server/libjvm.so
7f0d0233d000-7f0d023fa000 r--p 010dc000 103:02 10228325                  /usr/lib/jvm/java-11-openjdk-amd64/lib/server/libjvm.so
7f0d023fa000-7f0d02434000 rw-p 01199000 103:02 10228325                  /usr/lib/jvm/java-11-openjdk-amd64/lib/server/libjvm.so
7f0d02434000-7f0d0248a000 rw-p 00000000 00:00 0 
7f0d0248a000-7f0d024a4000 r-xp 00000000 103:02 13636691                  /lib/x86_64-linux-gnu/libpthread-2.27.so
7f0d024a4000-7f0d026a3000 ---p 0001a000 103:02 13636691                  /lib/x86_64-linux-gnu/libpthread-2.27.so
7f0d026a3000-7f0d026a4000 r--p 00019000 103:02 13636691                  /lib/x86_64-linux-gnu/libpthread-2.27.so
7f0d026a4000-7f0d026a5000 rw-p 0001a000 103:02 13636691                  /lib/x86_64-linux-gnu/libpthread-2.27.so
7f0d026a5000-7f0d026a9000 rw-p 00000000 00:00 0 
7f0d026a9000-7f0d026ac000 r-xp 00000000 103:02 13636581                  /lib/x86_64-linux-gnu/libdl-2.27.so
7f0d026ac000-7f0d028ab000 ---p 00003000 103:02 13636581                  /lib/x86_64-linux-gnu/libdl-2.27.so
7f0d028ab000-7f0d028ac000 r--p 00002000 103:02 13636581                  /lib/x86_64-linux-gnu/libdl-2.27.so
7f0d028ac000-7f0d028ad000 rw-p 00003000 103:02 13636581                  /lib/x86_64-linux-gnu/libdl-2.27.so
7f0d028ad000-7f0d028c9000 r-xp 00000000 103:02 13636730                  /lib/x86_64-linux-gnu/libz.so.1.2.11
7f0d028c9000-7f0d02ac8000 ---p 0001c000 103:02 13636730                  /lib/x86_64-linux-gnu/libz.so.1.2.11
7f0d02ac8000-7f0d02ac9000 r--p 0001b000 103:02 13636730                  /lib/x86_64-linux-gnu/libz.so.1.2.11
7f0d02ac9000-7f0d02aca000 rw-p 0001c000 103:02 13636730                  /lib/x86_64-linux-gnu/libz.so.1.2.11
7f0d02aca000-7f0d02cb1000 r-xp 00000000 103:02 13636558                  /lib/x86_64-linux-gnu/libc-2.27.so
7f0d02cb1000-7f0d02eb1000 ---p 001e7000 103:02 13636558                  /lib/x86_64-linux-gnu/libc-2.27.so
7f0d02eb1000-7f0d02eb5000 r--p 001e7000 103:02 13636558                  /lib/x86_64-linux-gnu/libc-2.27.so
7f0d02eb5000-7f0d02eb7000 rw-p 001eb000 103:02 13636558                  /lib/x86_64-linux-gnu/libc-2.27.so
7f0d02eb7000-7f0d02ebb000 rw-p 00000000 00:00 0 
7f0d02ebb000-7f0d02ecb000 r-xp 00000000 103:02 10101554                  /usr/lib/jvm/java-11-openjdk-amd64/lib/jli/libjli.so
7f0d02ecb000-7f0d030ca000 ---p 00010000 103:02 10101554                  /usr/lib/jvm/java-11-openjdk-amd64/lib/jli/libjli.so
7f0d030ca000-7f0d030cb000 r--p 0000f000 103:02 10101554                  /usr/lib/jvm/java-11-openjdk-amd64/lib/jli/libjli.so
7f0d030cb000-7f0d030cc000 rw-p 00010000 103:02 10101554                  /usr/lib/jvm/java-11-openjdk-amd64/lib/jli/libjli.so
7f0d030cc000-7f0d030f3000 r-xp 00000000 103:02 13636530                  /lib/x86_64-linux-gnu/ld-2.27.so
7f0d030fa000-7f0d03101000 r--s 00000000 103:02 9178017                   /usr/lib/x86_64-linux-gnu/gconv/gconv-modules.cache
7f0d03101000-7f0d031d8000 rw-p 00000000 00:00 0 
7f0d031d8000-7f0d031dc000 ---p 00000000 00:00 0 
7f0d031dc000-7f0d032e0000 rw-p 00000000 00:00 0 
7f0d032e0000-7f0d032e7000 ---p 00000000 00:00 0 
7f0d032e7000-7f0d032ef000 rw-s 00000000 103:02 11403277                  /tmp/hsperfdata_vinicius/18200
7f0d032ef000-7f0d032f0000 ---p 00000000 00:00 0 
7f0d032f0000-7f0d032f1000 r--p 00000000 00:00 0 
7f0d032f1000-7f0d032f3000 rw-p 00000000 00:00 0 
7f0d032f3000-7f0d032f4000 r--p 00027000 103:02 13636530                  /lib/x86_64-linux-gnu/ld-2.27.so
7f0d032f4000-7f0d032f5000 rw-p 00028000 103:02 13636530                  /lib/x86_64-linux-gnu/ld-2.27.so
7f0d032f5000-7f0d032f6000 rw-p 00000000 00:00 0 
7ffe992cd000-7ffe992ee000 rw-p 00000000 00:00 0                          [stack]
7ffe993eb000-7ffe993ee000 r--p 00000000 00:00 0                          [vvar]
7ffe993ee000-7ffe993ef000 r-xp 00000000 00:00 0                          [vdso]
ffffffffff600000-ffffffffff601000 --xp 00000000 00:00 0                  [vsyscall]


VM Arguments:
jvm_args: -agentlib:jdwp=transport=dt_socket,suspend=y,address=localhost:42007 -ea -javaagent:/home/vinicius/Ambiente-Trabalho/Softwares/sts-4.5.0/configuration/org.eclipse.osgi/237/0/.cp/lib/javaagent-shaded.jar -Dfile.encoding=UTF-8 
java_command: org.eclipse.jdt.internal.junit.runner.RemoteTestRunner -version 3 -port 45991 -testLoaderClass org.eclipse.jdt.internal.junit4.runner.JUnit4TestLoader -loaderpluginname org.eclipse.jdt.junit4.runtime -test br.com.viniciusfernandes.algoritmos.GrafoListaAdjacenciaTest:testLowCost
java_class_path (initial): /home/vinicius/Ambiente-Trabalho/Projetos/Sts/algoritmos-estrutura-dados/algoritmos-estrutura-dados/target/test-classes:/home/vinicius/Ambiente-Trabalho/Projetos/Sts/algoritmos-estrutura-dados/algoritmos-estrutura-dados/target/classes:/home/vinicius/.m2/repository/junit/junit/4.12/junit-4.12.jar:/home/vinicius/.m2/repository/org/hamcrest/hamcrest-core/1.3/hamcrest-core-1.3.jar:/home/vinicius/Ambiente-Trabalho/Softwares/sts-4.5.0/configuration/org.eclipse.osgi/235/0/.cp:/home/vinicius/Ambiente-Trabalho/Softwares/sts-4.5.0/configuration/org.eclipse.osgi/234/0/.cp
Launcher Type: SUN_STANDARD

[Global flags]
     intx CICompilerCount                          = 4                                         {product} {ergonomic}
     uint ConcGCThreads                            = 2                                         {product} {ergonomic}
     uint G1ConcRefinementThreads                  = 8                                         {product} {ergonomic}
   size_t G1HeapRegionSize                         = 1048576                                   {product} {ergonomic}
    uintx GCDrainStackTargetSize                   = 64                                        {product} {ergonomic}
   size_t InitialHeapSize                          = 125829120                                 {product} {ergonomic}
   size_t MarkStackSize                            = 4194304                                   {product} {ergonomic}
   size_t MaxHeapSize                              = 2013265920                                {product} {ergonomic}
   size_t MaxNewSize                               = 1207959552                                {product} {ergonomic}
   size_t MinHeapDeltaBytes                        = 1048576                                   {product} {ergonomic}
    uintx NonNMethodCodeHeapSize                   = 5836300                                {pd product} {ergonomic}
    uintx NonProfiledCodeHeapSize                  = 122910970                              {pd product} {ergonomic}
    uintx ProfiledCodeHeapSize                     = 122910970                              {pd product} {ergonomic}
    uintx ReservedCodeCacheSize                    = 251658240                              {pd product} {ergonomic}
     bool SegmentedCodeCache                       = true                                      {product} {ergonomic}
     bool UseCompressedClassPointers               = true                                 {lp64_product} {ergonomic}
     bool UseCompressedOops                        = true                                 {lp64_product} {ergonomic}
     bool UseG1GC                                  = true                                      {product} {ergonomic}

Logging:
Log output configuration:
 #0: stdout all=warning uptime,level,tags
 #1: stderr all=off uptime,level,tags

Environment Variables:
JAVA_HOME=/usr/lib/jvm/java-11-openjdk-amd64
PATH=/usr/local/sbin:/usr/local/bin:/usr/sbin:/usr/bin:/sbin:/bin:/usr/games:/usr/local/games:/opt/apache-maven-3.6.3/bin:/snap/bin:/usr/lib/jvm/java-11-openjdk-amd64/bin:/home/vinicius/Ambiente-Trabalho/Softwares/kafka_2.12-2.5.0/bin
USERNAME=vinicius
SHELL=/bin/bash
DISPLAY=:0

Signal Handlers:
SIGSEGV: [libjvm.so+0xdf8d00], sa_mask[0]=11111111011111111101111111111110, sa_flags=SA_RESTART|SA_SIGINFO
SIGBUS: [libjvm.so+0xdf8d00], sa_mask[0]=11111111011111111101111111111110, sa_flags=SA_RESTART|SA_SIGINFO
SIGFPE: [libjvm.so+0xdf8d00], sa_mask[0]=11111111011111111101111111111110, sa_flags=SA_RESTART|SA_SIGINFO
SIGPIPE: [libjvm.so+0xbcbc30], sa_mask[0]=11111111011111111101111111111110, sa_flags=SA_RESTART|SA_SIGINFO
SIGXFSZ: [libjvm.so+0xbcbc30], sa_mask[0]=11111111011111111101111111111110, sa_flags=SA_RESTART|SA_SIGINFO
SIGILL: [libjvm.so+0xdf8d00], sa_mask[0]=11111111011111111101111111111110, sa_flags=SA_RESTART|SA_SIGINFO
SIGUSR2: [libjvm.so+0xbcbad0], sa_mask[0]=00100000000000000000000000000000, sa_flags=SA_RESTART|SA_SIGINFO
SIGHUP: [libjvm.so+0xbcbe30], sa_mask[0]=11111111011111111101111111111110, sa_flags=SA_RESTART|SA_SIGINFO
SIGINT: [libjvm.so+0xbcbe30], sa_mask[0]=11111111011111111101111111111110, sa_flags=SA_RESTART|SA_SIGINFO
SIGTERM: [libjvm.so+0xbcbe30], sa_mask[0]=11111111011111111101111111111110, sa_flags=SA_RESTART|SA_SIGINFO
SIGQUIT: [libjvm.so+0xbcbe30], sa_mask[0]=11111111011111111101111111111110, sa_flags=SA_RESTART|SA_SIGINFO


---------------  S Y S T E M  ---------------

OS:DISTRIB_ID=Ubuntu
DISTRIB_RELEASE=18.04
DISTRIB_CODENAME=bionic
DISTRIB_DESCRIPTION="Ubuntu 18.04.4 LTS"
uname:Linux 5.3.0-59-generic #53~18.04.1-Ubuntu SMP Thu Jun 4 14:58:26 UTC 2020 x86_64
OS uptime: 1 days 9:48 hours
libc:glibc 2.27 NPTL 2.27 
rlimit: STACK 8192k, CORE 0k, NPROC 30514, NOFILE 4096, AS infinity, CPU infinity, DATA infinity, FSIZE infinity
load average:0,61 0,78 0,82

/proc/meminfo:
MemTotal:        7860544 kB
MemFree:          218564 kB
MemAvailable:    1255136 kB
Buffers:           77536 kB
Cached:          1716956 kB
SwapCached:       123024 kB
Active:          5394064 kB
Inactive:        1591800 kB
Active(anon):    4809200 kB
Inactive(anon):   994324 kB
Active(file):     584864 kB
Inactive(file):   597476 kB
Unevictable:       52936 kB
Mlocked:             112 kB
SwapTotal:       2097148 kB
SwapFree:        1774828 kB
Dirty:               324 kB
Writeback:             0 kB
AnonPages:       5129028 kB
Mapped:           895592 kB
Shmem:            613156 kB
KReclaimable:     159208 kB
Slab:             346016 kB
SReclaimable:     159208 kB
SUnreclaim:       186808 kB
KernelStack:       25904 kB
PageTables:        95896 kB
NFS_Unstable:          0 kB
Bounce:                0 kB
WritebackTmp:          0 kB
CommitLimit:     6027420 kB
Committed_AS:   15139572 kB
VmallocTotal:   34359738367 kB
VmallocUsed:       47168 kB
VmallocChunk:          0 kB
Percpu:             6464 kB
HardwareCorrupted:     0 kB
AnonHugePages:         0 kB
ShmemHugePages:        0 kB
ShmemPmdMapped:        0 kB
CmaTotal:              0 kB
CmaFree:               0 kB
HugePages_Total:       0
HugePages_Free:        0
HugePages_Rsvd:        0
HugePages_Surp:        0
Hugepagesize:       2048 kB
Hugetlb:               0 kB
DirectMap4k:      499732 kB
DirectMap2M:     7596032 kB
DirectMap1G:           0 kB


/proc/sys/kernel/threads-max (system-wide limit on the number of threads):
61029


/proc/sys/vm/max_map_count (maximum number of memory map areas a process may have):
65530


/proc/sys/kernel/pid_max (system-wide limit on number of process identifiers):
32768



container (cgroup) information:
container_type: cgroupv1
cpu_cpuset_cpus: 0-7
cpu_memory_nodes: 0
active_processor_count: 8
cpu_quota: -1
cpu_period: 100000
cpu_shares: -1
memory_limit_in_bytes: -1
memory_and_swap_limit_in_bytes: -2
memory_soft_limit_in_bytes: -1
memory_usage_in_bytes: 6982500352
memory_max_usage_in_bytes: 7515009024

Steal ticks since vm start: 0
Steal ticks percentage since vm start:  0,000

CPU:total 8 (initial active 8) (4 cores per cpu, 2 threads per core) family 6 model 142 stepping 11, cmov, cx8, fxsr, mmx, sse, sse2, sse3, ssse3, sse4.1, sse4.2, popcnt, avx, avx2, aes, clmul, erms, 3dnowpref, lzcnt, ht, tsc, tscinvbit, bmi1, bmi2, adx, fma
CPU Model and flags from /proc/cpuinfo:
model name	: Intel(R) Core(TM) i5-8265U CPU @ 1.60GHz
flags		: fpu vme de pse tsc msr pae mce cx8 apic sep mtrr pge mca cmov pat pse36 clflush dts acpi mmx fxsr sse sse2 ss ht tm pbe syscall nx pdpe1gb rdtscp lm constant_tsc art arch_perfmon pebs bts rep_good nopl xtopology nonstop_tsc cpuid aperfmperf pni pclmulqdq dtes64 monitor ds_cpl vmx est tm2 ssse3 sdbg fma cx16 xtpr pdcm pcid sse4_1 sse4_2 x2apic movbe popcnt tsc_deadline_timer aes xsave avx f16c rdrand lahf_lm abm 3dnowprefetch cpuid_fault epb invpcid_single ssbd ibrs ibpb stibp tpr_shadow vnmi flexpriority ept vpid ept_ad fsgsbase tsc_adjust bmi1 avx2 smep bmi2 erms invpcid mpx rdseed adx smap clflushopt intel_pt xsaveopt xsavec xgetbv1 xsaves dtherm ida arat pln pts hwp hwp_notify hwp_act_window hwp_epp md_clear flush_l1d arch_capabilities

Memory: 4k page, physical 7860544k(218564k free), swap 2097148k(1774828k free)

vm_info: OpenJDK 64-Bit Server VM (11.0.7+10-post-Ubuntu-2ubuntu218.04) for linux-amd64 JRE (11.0.7+10-post-Ubuntu-2ubuntu218.04), built on Apr 15 2020 21:12:54 by "unknown" with gcc 7.5.0

END.
